# JRE version: OpenJDK Runtime Environment (11.0.8+10) (build 11.0.8+10-b944.6916264)
# Java VM: OpenJDK 64-Bit Server VM (11.0.8+10-b944.6916264, mixed mode, tiered, compressed oops, g1 gc, bsd-amd64)
Heap:
 garbage-first heap   total 524288K, used 118404K [0x0000000780000000, 0x0000000800000000)
  region size 1024K, 99 young (101376K), 6 survivors (6144K)
 Metaspace       used 43341K, capacity 44279K, committed 44672K, reserved 1087488K
  class space    used 5546K, capacity 5895K, committed 6016K, reserved 1048576K
GC Heap History (8 events):
Event: 0.617 GC heap before
{Heap before GC invocations=0 (full 0):
 garbage-first heap   total 524288K, used 31744K [0x0000000780000000, 0x0000000800000000)
  region size 1024K, 25 young (25600K), 0 survivors (0K)
 Metaspace       used 10699K, capacity 10893K, committed 11264K, reserved 1058816K
  class space    used 1137K, capacity 1203K, committed 1280K, reserved 1048576K
}
Event: 0.621 GC heap after
{Heap after GC invocations=1 (full 0):
 garbage-first heap   total 524288K, used 8796K [0x0000000780000000, 0x0000000800000000)
  region size 1024K, 4 young (4096K), 4 survivors (4096K)
 Metaspace       used 10699K, capacity 10893K, committed 11264K, reserved 1058816K
  class space    used 1137K, capacity 1203K, committed 1280K, reserved 1048576K
}
Event: 2.871 GC heap before
{Heap before GC invocations=1 (full 0):
 garbage-first heap   total 524288K, used 84572K [0x0000000780000000, 0x0000000800000000)
  region size 1024K, 80 young (81920K), 4 survivors (4096K)
 Metaspace       used 20558K, capacity 21030K, committed 21248K, reserved 1067008K
  class space    used 2532K, capacity 2703K, committed 2816K, reserved 1048576K
}
Event: 2.881 GC heap after
{Heap after GC invocations=2 (full 0):
 garbage-first heap   total 524288K, used 15590K [0x0000000780000000, 0x0000000800000000)
  region size 1024K, 11 young (11264K), 11 survivors (11264K)
 Metaspace       used 20558K, capacity 21030K, committed 21248K, reserved 1067008K
  class space    used 2532K, capacity 2703K, committed 2816K, reserved 1048576K
}
Event: 4.199 GC heap before
{Heap before GC invocations=3 (full 0):
 garbage-first heap   total 524288K, used 69862K [0x0000000780000000, 0x0000000800000000)
  region size 1024K, 65 young (66560K), 11 survivors (11264K)
 Metaspace       used 26542K, capacity 27102K, committed 27264K, reserved 1073152K
  class space    used 3485K, capacity 3711K, committed 3712K, reserved 1048576K
}
Event: 4.206 GC heap after
{Heap after GC invocations=4 (full 0):
 garbage-first heap   total 524288K, used 18125K [0x0000000780000000, 0x0000000800000000)
  region size 1024K, 3 young (3072K), 3 survivors (3072K)
 Metaspace       used 26542K, capacity 27102K, committed 27264K, reserved 1073152K
  class space    used 3485K, capacity 3711K, committed 3712K, reserved 1048576K
}
Event: 5.058 GC heap before
{Heap before GC invocations=4 (full 0):
 garbage-first heap   total 524288K, used 58061K [0x0000000780000000, 0x0000000800000000)
  region size 1024K, 44 young (45056K), 3 survivors (3072K)
 Metaspace       used 34865K, capacity 35524K, committed 35840K, reserved 1081344K
  class space    used 4532K, capacity 4813K, committed 4864K, reserved 1048576K
}
Event: 5.064 GC heap after
{Heap after GC invocations=5 (full 0):
 garbage-first heap   total 524288K, used 21124K [0x0000000780000000, 0x0000000800000000)
  region size 1024K, 6 young (6144K), 6 survivors (6144K)
 Metaspace       used 34865K, capacity 35524K, committed 35840K, reserved 1081344K
  class space    used 4532K, capacity 4813K, committed 4864K, reserved 1048576K
}

